0 info it worked if it ends with ok
1 verbose cli [ '/usr/local/bin/node',
1 verbose cli   '/usr/local/lib/node_modules/cnpm/node_modules/.bin/npm',
1 verbose cli   '--userconfig=/Users/yunyi/.cnpmrc',
1 verbose cli   '--disturl=https://npm.taobao.org/mirrors/node',
1 verbose cli   '--cache=/Users/yunyi/.cnpm',
1 verbose cli   '--registry=https://registry.npm.taobao.org',
1 verbose cli   '--node-gyp=/usr/local/lib/node_modules/cnpm/node_modules/node-gyp/bin/node-gyp.js',
1 verbose cli   'run',
1 verbose cli   'npmpublish' ]
2 info using npm@2.14.3
3 info using node@v5.0.0
4 verbose stack Error: missing script: npmpublish
4 verbose stack     at run (/usr/local/lib/node_modules/cnpm/node_modules/npm/lib/run-script.js:142:19)
4 verbose stack     at /usr/local/lib/node_modules/cnpm/node_modules/npm/lib/run-script.js:58:5
4 verbose stack     at /usr/local/lib/node_modules/cnpm/node_modules/npm/node_modules/read-package-json/read-json.js:345:5
4 verbose stack     at checkBinReferences_ (/usr/local/lib/node_modules/cnpm/node_modules/npm/node_modules/read-package-json/read-json.js:309:45)
4 verbose stack     at final (/usr/local/lib/node_modules/cnpm/node_modules/npm/node_modules/read-package-json/read-json.js:343:3)
4 verbose stack     at then (/usr/local/lib/node_modules/cnpm/node_modules/npm/node_modules/read-package-json/read-json.js:113:5)
4 verbose stack     at /usr/local/lib/node_modules/cnpm/node_modules/npm/node_modules/read-package-json/read-json.js:300:12
4 verbose stack     at tryToString (evalmachine.<anonymous>:414:3)
4 verbose stack     at FSReqWrap.readFileAfterClose [as oncomplete] (evalmachine.<anonymous>:401:12)
5 verbose cwd /Users/yunyi/nodespace/book
6 error Darwin 15.0.0
7 error argv "/usr/local/bin/node" "/usr/local/lib/node_modules/cnpm/node_modules/.bin/npm" "--userconfig=/Users/yunyi/.cnpmrc" "--disturl=https://npm.taobao.org/mirrors/node" "--cache=/Users/yunyi/.cnpm" "--registry=https://registry.npm.taobao.org" "--node-gyp=/usr/local/lib/node_modules/cnpm/node_modules/node-gyp/bin/node-gyp.js" "run" "npmpublish"
8 error node v5.0.0
9 error npm  v2.14.3
10 error missing script: npmpublish
11 error If you need help, you may report this error at:
11 error     <https://github.com/npm/npm/issues>
12 verbose exit [ 1, true ]
